<?xml version="1.0" encoding="utf-8"?><testsuites><testsuite name="pytest" errors="0" failures="4" skipped="0" tests="10" time="74.778" timestamp="2025-05-27T21:10:27.247141+09:00" hostname="rogStrinxG531Gv"><testcase classname="tests.integration.test_full_system_integration.TestFullSystemIntegration" name="test_complete_project_lifecycle" time="10.480"><failure message="assert 405 == 200&#10; +  where 405 = &lt;Response [405 Method Not Allowed]&gt;.status_code">tests/integration/test_full_system_integration.py:82: in test_complete_project_lifecycle
    assert response.status_code == 200
E   assert 405 == 200
E    +  where 405 = &lt;Response [405 Method Not Allowed]&gt;.status_code</failure></testcase><testcase classname="tests.integration.test_full_system_integration.TestFullSystemIntegration" name="test_api_endpoints_integration" time="10.474" /><testcase classname="tests.integration.test_full_system_integration.TestFullSystemIntegration" name="test_websocket_integration" time="0.441" /><testcase classname="tests.integration.test_full_system_integration.TestFullSystemIntegration" name="test_database_integration" time="0.480" /><testcase classname="tests.integration.test_full_system_integration.TestFullSystemIntegration" name="test_file_system_integration" time="10.421"><failure message="assert 405 == 200&#10; +  where 405 = &lt;Response [405 Method Not Allowed]&gt;.status_code">tests/integration/test_full_system_integration.py:283: in test_file_system_integration
    assert response.status_code == 200
E   assert 405 == 200
E    +  where 405 = &lt;Response [405 Method Not Allowed]&gt;.status_code</failure></testcase><testcase classname="tests.integration.test_full_system_integration.TestFullSystemIntegration" name="test_performance_integration" time="10.446" /><testcase classname="tests.integration.test_full_system_integration.TestFullSystemIntegration" name="test_error_handling_integration" time="10.436" /><testcase classname="tests.integration.test_full_system_integration.TestFullSystemIntegration" name="test_security_integration" time="10.307"><failure message="AttributeError: &lt;module 'app.auth.jwt_handler' from '/home/igtmtakan/workplace/python/scrapyUI/backend/app/auth/jwt_handler.py'&gt; does not have the attribute 'verify_token'">tests/integration/test_full_system_integration.py:377: in test_security_integration
    with patch('app.auth.jwt_handler.verify_token') as mock_verify:
../../../../.pyenv/versions/3.13.2/lib/python3.13/unittest/mock.py:1495: in __enter__
    original, local = self.get_original()
../../../../.pyenv/versions/3.13.2/lib/python3.13/unittest/mock.py:1465: in get_original
    raise AttributeError(
E   AttributeError: &lt;module 'app.auth.jwt_handler' from '/home/igtmtakan/workplace/python/scrapyUI/backend/app/auth/jwt_handler.py'&gt; does not have the attribute 'verify_token'</failure></testcase><testcase classname="tests.integration.test_full_system_integration.TestFullSystemIntegration" name="test_async_operations_integration" time="0.461"><failure message="TypeError: AsyncClient.__init__() got an unexpected keyword argument 'app'">tests/integration/test_full_system_integration.py:392: in test_async_operations_integration
    async with AsyncClient(app=app, base_url="http://test") as async_client:
E   TypeError: AsyncClient.__init__() got an unexpected keyword argument 'app'</failure></testcase><testcase classname="tests.integration.test_full_system_integration.TestFullSystemIntegration" name="test_logging_integration" time="10.438" /></testsuite></testsuites>